{"/Users/reijjo/workspace/projects/fullstack/daylight/resources/js/Pages/homepage/HomePage.tsx": {"path":"/Users/reijjo/workspace/projects/fullstack/daylight/resources/js/Pages/homepage/HomePage.tsx","all":false,"statementMap":{"0":{"start":{"line":1,"column":0},"end":{"line":1,"column":56}},"1":{"start":{"line":2,"column":0},"end":{"line":2,"column":79}},"2":{"start":{"line":3,"column":0},"end":{"line":3,"column":72}},"4":{"start":{"line":5,"column":0},"end":{"line":5,"column":35}},"5":{"start":{"line":6,"column":0},"end":{"line":6,"column":67}},"7":{"start":{"line":8,"column":0},"end":{"line":8,"column":24}},"8":{"start":{"line":9,"column":0},"end":{"line":9,"column":11}},"9":{"start":{"line":10,"column":0},"end":{"line":10,"column":20}},"10":{"start":{"line":11,"column":0},"end":{"line":11,"column":25}},"11":{"start":{"line":12,"column":0},"end":{"line":12,"column":19}},"12":{"start":{"line":13,"column":0},"end":{"line":13,"column":24}},"13":{"start":{"line":14,"column":0},"end":{"line":14,"column":18}},"14":{"start":{"line":15,"column":0},"end":{"line":15,"column":14}},"15":{"start":{"line":16,"column":0},"end":{"line":16,"column":12}},"16":{"start":{"line":17,"column":0},"end":{"line":17,"column":22}},"18":{"start":{"line":19,"column":0},"end":{"line":19,"column":51}},"19":{"start":{"line":20,"column":0},"end":{"line":20,"column":38}},"20":{"start":{"line":21,"column":0},"end":{"line":21,"column":6}},"22":{"start":{"line":23,"column":0},"end":{"line":23,"column":45}},"24":{"start":{"line":25,"column":0},"end":{"line":25,"column":12}},"25":{"start":{"line":26,"column":0},"end":{"line":26,"column":33}},"26":{"start":{"line":27,"column":0},"end":{"line":27,"column":87}},"27":{"start":{"line":28,"column":0},"end":{"line":28,"column":24}},"28":{"start":{"line":29,"column":0},"end":{"line":29,"column":29}},"29":{"start":{"line":30,"column":0},"end":{"line":30,"column":55}},"30":{"start":{"line":31,"column":0},"end":{"line":31,"column":44}},"31":{"start":{"line":32,"column":0},"end":{"line":32,"column":29}},"32":{"start":{"line":33,"column":0},"end":{"line":33,"column":18}},"33":{"start":{"line":34,"column":0},"end":{"line":34,"column":54}},"34":{"start":{"line":35,"column":0},"end":{"line":35,"column":18}},"35":{"start":{"line":36,"column":0},"end":{"line":36,"column":17}},"37":{"start":{"line":38,"column":0},"end":{"line":38,"column":2}},"39":{"start":{"line":40,"column":0},"end":{"line":40,"column":24}}},"s":{"0":1,"1":1,"2":1,"4":1,"5":1,"7":1,"8":1,"9":1,"10":1,"11":1,"12":1,"13":1,"14":1,"15":1,"16":1,"18":1,"19":0,"20":0,"22":1,"24":1,"25":1,"26":1,"27":1,"28":1,"29":1,"30":1,"31":1,"32":1,"33":1,"34":1,"35":1,"37":1,"39":1},"branchMap":{"0":{"type":"branch","line":8,"loc":{"start":{"line":8,"column":17},"end":{"line":38,"column":2}},"locations":[{"start":{"line":8,"column":17},"end":{"line":38,"column":2}}]}},"b":{"0":[1]},"fnMap":{"0":{"name":"HomePage","decl":{"start":{"line":8,"column":17},"end":{"line":38,"column":2}},"loc":{"start":{"line":8,"column":17},"end":{"line":38,"column":2}},"line":8},"1":{"name":"handleCitySelect","decl":{"start":{"line":19,"column":29},"end":{"line":21,"column":6}},"loc":{"start":{"line":19,"column":29},"end":{"line":21,"column":6}},"line":19}},"f":{"0":1,"1":0}}
,"/Users/reijjo/workspace/projects/fullstack/daylight/resources/js/Pages/homepage/hero/Hero.tsx": {"path":"/Users/reijjo/workspace/projects/fullstack/daylight/resources/js/Pages/homepage/hero/Hero.tsx","all":false,"statementMap":{"0":{"start":{"line":1,"column":0},"end":{"line":1,"column":27}},"1":{"start":{"line":2,"column":0},"end":{"line":2,"column":107}},"2":{"start":{"line":3,"column":0},"end":{"line":3,"column":53}},"4":{"start":{"line":5,"column":0},"end":{"line":5,"column":13}},"5":{"start":{"line":6,"column":0},"end":{"line":6,"column":33}},"8":{"start":{"line":9,"column":0},"end":{"line":9,"column":13}},"9":{"start":{"line":10,"column":0},"end":{"line":10,"column":10}}},"s":{"0":1,"1":1,"2":1,"4":1,"5":1,"8":1,"9":1},"branchMap":{"0":{"type":"branch","line":1,"loc":{"start":{"line":1,"column":20},"end":{"line":10,"column":10}},"locations":[{"start":{"line":1,"column":20},"end":{"line":10,"column":10}}]}},"b":{"0":[1]},"fnMap":{"0":{"name":"Hero","decl":{"start":{"line":1,"column":20},"end":{"line":10,"column":10}},"loc":{"start":{"line":1,"column":20},"end":{"line":10,"column":10}},"line":1}},"f":{"0":1}}
,"/Users/reijjo/workspace/projects/fullstack/daylight/resources/js/components/shared/Footer.tsx": {"path":"/Users/reijjo/workspace/projects/fullstack/daylight/resources/js/components/shared/Footer.tsx","all":false,"statementMap":{"0":{"start":{"line":1,"column":0},"end":{"line":1,"column":29}},"1":{"start":{"line":2,"column":0},"end":{"line":2,"column":118}},"2":{"start":{"line":3,"column":0},"end":{"line":3,"column":56}},"3":{"start":{"line":4,"column":0},"end":{"line":4,"column":13}}},"s":{"0":1,"1":1,"2":1,"3":1},"branchMap":{"0":{"type":"branch","line":1,"loc":{"start":{"line":1,"column":22},"end":{"line":4,"column":13}},"locations":[{"start":{"line":1,"column":22},"end":{"line":4,"column":13}}]}},"b":{"0":[1]},"fnMap":{"0":{"name":"Footer","decl":{"start":{"line":1,"column":22},"end":{"line":4,"column":13}},"loc":{"start":{"line":1,"column":22},"end":{"line":4,"column":13}},"line":1}},"f":{"0":1}}
,"/Users/reijjo/workspace/projects/fullstack/daylight/resources/js/components/shared/Layout.tsx": {"path":"/Users/reijjo/workspace/projects/fullstack/daylight/resources/js/components/shared/Layout.tsx","all":false,"statementMap":{"0":{"start":{"line":1,"column":0},"end":{"line":1,"column":40}},"3":{"start":{"line":4,"column":0},"end":{"line":4,"column":52}},"4":{"start":{"line":5,"column":0},"end":{"line":5,"column":34}},"11":{"start":{"line":12,"column":0},"end":{"line":12,"column":61}},"12":{"start":{"line":13,"column":0},"end":{"line":13,"column":8}},"13":{"start":{"line":14,"column":0},"end":{"line":14,"column":99}},"14":{"start":{"line":15,"column":0},"end":{"line":15,"column":49}},"16":{"start":{"line":17,"column":0},"end":{"line":17,"column":60}},"17":{"start":{"line":18,"column":0},"end":{"line":18,"column":30}},"18":{"start":{"line":19,"column":0},"end":{"line":19,"column":75}},"19":{"start":{"line":20,"column":0},"end":{"line":20,"column":18}},"20":{"start":{"line":21,"column":0},"end":{"line":21,"column":10}}},"s":{"0":1,"3":1,"4":1,"11":1,"12":1,"13":1,"14":1,"16":1,"17":1,"18":1,"19":1,"20":1},"branchMap":{"0":{"type":"branch","line":12,"loc":{"start":{"line":12,"column":22},"end":{"line":21,"column":10}},"locations":[{"start":{"line":12,"column":22},"end":{"line":21,"column":10}}]}},"b":{"0":[1]},"fnMap":{"0":{"name":"Layout","decl":{"start":{"line":12,"column":22},"end":{"line":21,"column":10}},"loc":{"start":{"line":12,"column":22},"end":{"line":21,"column":10}},"line":12}},"f":{"0":1}}
,"/Users/reijjo/workspace/projects/fullstack/daylight/resources/js/components/ui/Input.tsx": {"path":"/Users/reijjo/workspace/projects/fullstack/daylight/resources/js/components/ui/Input.tsx","all":false,"statementMap":{"7":{"start":{"line":8,"column":0},"end":{"line":8,"column":70}},"8":{"start":{"line":9,"column":0},"end":{"line":9,"column":12}},"9":{"start":{"line":10,"column":0},"end":{"line":10,"column":52}},"10":{"start":{"line":11,"column":0},"end":{"line":11,"column":18}},"11":{"start":{"line":12,"column":0},"end":{"line":12,"column":27}},"12":{"start":{"line":13,"column":0},"end":{"line":13,"column":25}},"13":{"start":{"line":14,"column":0},"end":{"line":14,"column":110}},"14":{"start":{"line":15,"column":0},"end":{"line":15,"column":14}},"15":{"start":{"line":16,"column":0},"end":{"line":16,"column":14}},"17":{"start":{"line":18,"column":0},"end":{"line":18,"column":2}}},"s":{"7":1,"8":22,"9":22,"10":22,"11":22,"12":22,"13":22,"14":22,"15":22,"17":22},"branchMap":{"0":{"type":"branch","line":8,"loc":{"start":{"line":8,"column":21},"end":{"line":18,"column":2}},"locations":[{"start":{"line":8,"column":21},"end":{"line":18,"column":2}}]}},"b":{"0":[22]},"fnMap":{"0":{"name":"Input","decl":{"start":{"line":8,"column":21},"end":{"line":18,"column":2}},"loc":{"start":{"line":8,"column":21},"end":{"line":18,"column":2}},"line":8}},"f":{"0":22}}
,"/Users/reijjo/workspace/projects/fullstack/daylight/resources/js/components/ui/Message.tsx": {"path":"/Users/reijjo/workspace/projects/fullstack/daylight/resources/js/components/ui/Message.tsx","all":false,"statementMap":{"5":{"start":{"line":6,"column":0},"end":{"line":6,"column":61}},"6":{"start":{"line":7,"column":0},"end":{"line":7,"column":16}},"7":{"start":{"line":8,"column":0},"end":{"line":8,"column":16}},"8":{"start":{"line":9,"column":0},"end":{"line":9,"column":16}},"9":{"start":{"line":10,"column":0},"end":{"line":10,"column":83}},"10":{"start":{"line":11,"column":0},"end":{"line":11,"column":79}},"11":{"start":{"line":12,"column":0},"end":{"line":12,"column":20}},"12":{"start":{"line":13,"column":0},"end":{"line":13,"column":41}},"13":{"start":{"line":14,"column":0},"end":{"line":14,"column":65}},"14":{"start":{"line":15,"column":0},"end":{"line":15,"column":17}},"15":{"start":{"line":16,"column":0},"end":{"line":16,"column":66}},"18":{"start":{"line":19,"column":0},"end":{"line":19,"column":32}},"19":{"start":{"line":20,"column":0},"end":{"line":20,"column":18}},"21":{"start":{"line":22,"column":0},"end":{"line":22,"column":16}},"22":{"start":{"line":23,"column":0},"end":{"line":23,"column":2}}},"s":{"5":1,"6":9,"7":9,"8":9,"9":9,"10":9,"11":9,"12":9,"13":2,"14":9,"15":9,"18":9,"19":9,"21":0,"22":0},"branchMap":{"0":{"type":"branch","line":6,"loc":{"start":{"line":6,"column":23},"end":{"line":23,"column":2}},"locations":[{"start":{"line":6,"column":23},"end":{"line":23,"column":2}}]},"1":{"type":"branch","line":11,"loc":{"start":{"line":11,"column":29},"end":{"line":11,"column":79}},"locations":[{"start":{"line":11,"column":29},"end":{"line":11,"column":79}}]},"2":{"type":"branch","line":13,"loc":{"start":{"line":13,"column":29},"end":{"line":14,"column":65}},"locations":[{"start":{"line":13,"column":29},"end":{"line":14,"column":65}}]},"3":{"type":"branch","line":16,"loc":{"start":{"line":16,"column":13},"end":{"line":16,"column":65}},"locations":[{"start":{"line":16,"column":13},"end":{"line":16,"column":65}}]},"4":{"type":"branch","line":20,"loc":{"start":{"line":20,"column":12},"end":{"line":23,"column":2}},"locations":[{"start":{"line":20,"column":12},"end":{"line":23,"column":2}}]}},"b":{"0":[9],"1":[3],"2":[2],"3":[4],"4":[0]},"fnMap":{"0":{"name":"Message","decl":{"start":{"line":6,"column":23},"end":{"line":23,"column":2}},"loc":{"start":{"line":6,"column":23},"end":{"line":23,"column":2}},"line":6}},"f":{"0":9}}
,"/Users/reijjo/workspace/projects/fullstack/daylight/resources/js/features/homepage/api/daylightApi.ts": {"path":"/Users/reijjo/workspace/projects/fullstack/daylight/resources/js/features/homepage/api/daylightApi.ts","all":false,"statementMap":{"0":{"start":{"line":1,"column":0},"end":{"line":1,"column":44}},"3":{"start":{"line":4,"column":0},"end":{"line":4,"column":50}},"4":{"start":{"line":5,"column":0},"end":{"line":5,"column":9}},"5":{"start":{"line":6,"column":0},"end":{"line":6,"column":36}},"6":{"start":{"line":7,"column":0},"end":{"line":7,"column":57}},"7":{"start":{"line":8,"column":0},"end":{"line":8,"column":13}},"8":{"start":{"line":9,"column":0},"end":{"line":9,"column":25}},"9":{"start":{"line":10,"column":0},"end":{"line":10,"column":31}},"10":{"start":{"line":11,"column":0},"end":{"line":11,"column":34}},"11":{"start":{"line":12,"column":0},"end":{"line":12,"column":35}},"12":{"start":{"line":13,"column":0},"end":{"line":13,"column":29}},"13":{"start":{"line":14,"column":0},"end":{"line":14,"column":18}},"14":{"start":{"line":15,"column":0},"end":{"line":15,"column":13}},"15":{"start":{"line":16,"column":0},"end":{"line":16,"column":10}},"16":{"start":{"line":17,"column":0},"end":{"line":17,"column":24}},"17":{"start":{"line":18,"column":0},"end":{"line":18,"column":30}},"18":{"start":{"line":19,"column":0},"end":{"line":19,"column":34}},"19":{"start":{"line":20,"column":0},"end":{"line":20,"column":58}},"20":{"start":{"line":21,"column":0},"end":{"line":21,"column":9}},"21":{"start":{"line":22,"column":0},"end":{"line":22,"column":20}},"22":{"start":{"line":23,"column":0},"end":{"line":23,"column":5}},"23":{"start":{"line":24,"column":0},"end":{"line":24,"column":2}},"25":{"start":{"line":26,"column":0},"end":{"line":26,"column":64}},"26":{"start":{"line":27,"column":0},"end":{"line":27,"column":9}},"27":{"start":{"line":28,"column":0},"end":{"line":28,"column":54}},"28":{"start":{"line":29,"column":0},"end":{"line":29,"column":21}},"29":{"start":{"line":30,"column":0},"end":{"line":30,"column":40}},"30":{"start":{"line":31,"column":0},"end":{"line":31,"column":30}},"31":{"start":{"line":32,"column":0},"end":{"line":32,"column":30}},"32":{"start":{"line":33,"column":0},"end":{"line":33,"column":32}},"33":{"start":{"line":34,"column":0},"end":{"line":34,"column":14}},"34":{"start":{"line":35,"column":0},"end":{"line":35,"column":11}},"35":{"start":{"line":36,"column":0},"end":{"line":36,"column":24}},"36":{"start":{"line":37,"column":0},"end":{"line":37,"column":30}},"37":{"start":{"line":38,"column":0},"end":{"line":38,"column":34}},"38":{"start":{"line":39,"column":0},"end":{"line":39,"column":58}},"39":{"start":{"line":40,"column":0},"end":{"line":40,"column":9}},"40":{"start":{"line":41,"column":0},"end":{"line":41,"column":20}},"41":{"start":{"line":42,"column":0},"end":{"line":42,"column":5}},"42":{"start":{"line":43,"column":0},"end":{"line":43,"column":2}}},"s":{"0":1,"3":1,"4":2,"5":2,"6":2,"7":2,"8":2,"9":2,"10":2,"11":2,"12":2,"13":2,"14":2,"15":2,"16":2,"17":2,"18":0,"19":0,"20":0,"21":0,"22":0,"23":2,"25":1,"26":0,"27":0,"28":0,"29":0,"30":0,"31":0,"32":0,"33":0,"34":0,"35":0,"36":0,"37":0,"38":0,"39":0,"40":0,"41":0,"42":0},"branchMap":{"0":{"type":"branch","line":4,"loc":{"start":{"line":4,"column":25},"end":{"line":24,"column":2}},"locations":[{"start":{"line":4,"column":25},"end":{"line":24,"column":2}}]},"1":{"type":"branch","line":18,"loc":{"start":{"line":18,"column":4},"end":{"line":23,"column":5}},"locations":[{"start":{"line":18,"column":4},"end":{"line":23,"column":5}}]}},"b":{"0":[2],"1":[0]},"fnMap":{"0":{"name":"getCities","decl":{"start":{"line":4,"column":25},"end":{"line":24,"column":2}},"loc":{"start":{"line":4,"column":25},"end":{"line":24,"column":2}},"line":4},"1":{"name":"getDaylight","decl":{"start":{"line":26,"column":27},"end":{"line":43,"column":2}},"loc":{"start":{"line":26,"column":27},"end":{"line":43,"column":2}},"line":26}},"f":{"0":2,"1":0}}
,"/Users/reijjo/workspace/projects/fullstack/daylight/resources/js/features/homepage/components/CityList.tsx": {"path":"/Users/reijjo/workspace/projects/fullstack/daylight/resources/js/features/homepage/components/CityList.tsx","all":false,"statementMap":{"6":{"start":{"line":7,"column":0},"end":{"line":7,"column":54}},"7":{"start":{"line":8,"column":0},"end":{"line":8,"column":12}},"8":{"start":{"line":9,"column":0},"end":{"line":9,"column":81}},"9":{"start":{"line":10,"column":0},"end":{"line":10,"column":40}},"10":{"start":{"line":11,"column":0},"end":{"line":11,"column":48}},"11":{"start":{"line":12,"column":0},"end":{"line":12,"column":15}},"12":{"start":{"line":13,"column":0},"end":{"line":13,"column":14}},"14":{"start":{"line":15,"column":0},"end":{"line":15,"column":2}},"16":{"start":{"line":17,"column":0},"end":{"line":17,"column":24}}},"s":{"6":1,"7":1,"8":1,"9":1,"10":0,"11":1,"12":1,"14":1,"16":1},"branchMap":{"0":{"type":"branch","line":7,"loc":{"start":{"line":7,"column":17},"end":{"line":15,"column":2}},"locations":[{"start":{"line":7,"column":17},"end":{"line":15,"column":2}}]}},"b":{"0":[1]},"fnMap":{"0":{"name":"CityList","decl":{"start":{"line":7,"column":17},"end":{"line":15,"column":2}},"loc":{"start":{"line":7,"column":17},"end":{"line":15,"column":2}},"line":7}},"f":{"0":1}}
,"/Users/reijjo/workspace/projects/fullstack/daylight/resources/js/features/homepage/components/CitySuggestions.tsx": {"path":"/Users/reijjo/workspace/projects/fullstack/daylight/resources/js/features/homepage/components/CitySuggestions.tsx","all":false,"statementMap":{"7":{"start":{"line":8,"column":0},"end":{"line":8,"column":33}},"8":{"start":{"line":9,"column":0},"end":{"line":9,"column":16}},"9":{"start":{"line":10,"column":0},"end":{"line":10,"column":17}},"10":{"start":{"line":11,"column":0},"end":{"line":11,"column":29}},"11":{"start":{"line":12,"column":0},"end":{"line":12,"column":48}},"12":{"start":{"line":13,"column":0},"end":{"line":13,"column":66}},"13":{"start":{"line":14,"column":0},"end":{"line":14,"column":47}},"15":{"start":{"line":16,"column":0},"end":{"line":16,"column":16}},"16":{"start":{"line":17,"column":0},"end":{"line":17,"column":18}},"17":{"start":{"line":18,"column":0},"end":{"line":18,"column":68}},"18":{"start":{"line":19,"column":0},"end":{"line":19,"column":28}},"19":{"start":{"line":20,"column":0},"end":{"line":20,"column":22}},"20":{"start":{"line":21,"column":0},"end":{"line":21,"column":70}},"21":{"start":{"line":22,"column":0},"end":{"line":22,"column":23}},"23":{"start":{"line":24,"column":0},"end":{"line":24,"column":66}},"24":{"start":{"line":25,"column":0},"end":{"line":25,"column":19}},"26":{"start":{"line":27,"column":0},"end":{"line":27,"column":6}},"28":{"start":{"line":29,"column":0},"end":{"line":29,"column":12}},"29":{"start":{"line":30,"column":0},"end":{"line":30,"column":10}},"30":{"start":{"line":31,"column":0},"end":{"line":31,"column":29}},"31":{"start":{"line":32,"column":0},"end":{"line":32,"column":122}},"32":{"start":{"line":33,"column":0},"end":{"line":33,"column":50}},"33":{"start":{"line":34,"column":0},"end":{"line":34,"column":31}},"34":{"start":{"line":35,"column":0},"end":{"line":35,"column":41}},"35":{"start":{"line":36,"column":0},"end":{"line":36,"column":63}},"36":{"start":{"line":37,"column":0},"end":{"line":37,"column":48}},"37":{"start":{"line":38,"column":0},"end":{"line":38,"column":183}},"39":{"start":{"line":40,"column":0},"end":{"line":40,"column":59}},"40":{"start":{"line":41,"column":0},"end":{"line":41,"column":33}},"41":{"start":{"line":42,"column":0},"end":{"line":42,"column":23}},"42":{"start":{"line":43,"column":0},"end":{"line":43,"column":22}},"44":{"start":{"line":45,"column":0},"end":{"line":45,"column":11}},"46":{"start":{"line":47,"column":0},"end":{"line":47,"column":2}}},"s":{"7":1,"8":22,"9":22,"10":22,"11":22,"12":1,"13":1,"15":1,"16":1,"17":1,"18":1,"19":1,"20":1,"21":1,"23":1,"24":1,"26":1,"28":22,"29":22,"30":22,"31":2,"32":2,"33":1,"34":1,"35":1,"36":1,"37":1,"39":1,"40":1,"41":2,"42":2,"44":22,"46":22},"branchMap":{"0":{"type":"branch","line":8,"loc":{"start":{"line":8,"column":31},"end":{"line":47,"column":2}},"locations":[{"start":{"line":8,"column":31},"end":{"line":47,"column":2}}]},"1":{"type":"branch","line":31,"loc":{"start":{"line":31,"column":13},"end":{"line":43,"column":22}},"locations":[{"start":{"line":31,"column":13},"end":{"line":43,"column":22}}]},"2":{"type":"branch","line":12,"loc":{"start":{"line":12,"column":22},"end":{"line":27,"column":6}},"locations":[{"start":{"line":12,"column":22},"end":{"line":27,"column":6}}]},"3":{"type":"branch","line":13,"loc":{"start":{"line":13,"column":49},"end":{"line":13,"column":64}},"locations":[{"start":{"line":13,"column":49},"end":{"line":13,"column":64}}]},"4":{"type":"branch","line":33,"loc":{"start":{"line":33,"column":38},"end":{"line":41,"column":33}},"locations":[{"start":{"line":33,"column":38},"end":{"line":41,"column":33}}]},"5":{"type":"branch","line":36,"loc":{"start":{"line":36,"column":37},"end":{"line":36,"column":63}},"locations":[{"start":{"line":36,"column":37},"end":{"line":36,"column":63}}]}},"b":{"0":[22],"1":[2],"2":[1],"3":[5],"4":[1],"5":[1]},"fnMap":{"0":{"name":"CitySuggestions","decl":{"start":{"line":8,"column":31},"end":{"line":47,"column":2}},"loc":{"start":{"line":8,"column":31},"end":{"line":47,"column":2}},"line":8},"1":{"name":"parseCity","decl":{"start":{"line":12,"column":22},"end":{"line":27,"column":6}},"loc":{"start":{"line":12,"column":22},"end":{"line":27,"column":6}},"line":12},"2":{"name":"onClick","decl":{"start":{"line":36,"column":37},"end":{"line":36,"column":63}},"loc":{"start":{"line":36,"column":37},"end":{"line":36,"column":63}},"line":36}},"f":{"0":22,"1":1,"2":1}}
,"/Users/reijjo/workspace/projects/fullstack/daylight/resources/js/features/homepage/components/FindCityForm.tsx": {"path":"/Users/reijjo/workspace/projects/fullstack/daylight/resources/js/features/homepage/components/FindCityForm.tsx","all":false,"statementMap":{"0":{"start":{"line":1,"column":0},"end":{"line":1,"column":53}},"2":{"start":{"line":3,"column":0},"end":{"line":3,"column":57}},"3":{"start":{"line":4,"column":0},"end":{"line":4,"column":52}},"4":{"start":{"line":5,"column":0},"end":{"line":5,"column":57}},"5":{"start":{"line":6,"column":0},"end":{"line":6,"column":55}},"17":{"start":{"line":18,"column":0},"end":{"line":18,"column":30}},"18":{"start":{"line":19,"column":0},"end":{"line":19,"column":21}},"19":{"start":{"line":20,"column":0},"end":{"line":20,"column":17}},"20":{"start":{"line":21,"column":0},"end":{"line":21,"column":8}},"21":{"start":{"line":22,"column":0},"end":{"line":22,"column":26}},"22":{"start":{"line":23,"column":0},"end":{"line":23,"column":47}},"24":{"start":{"line":25,"column":0},"end":{"line":25,"column":11}},"25":{"start":{"line":26,"column":0},"end":{"line":26,"column":17}},"26":{"start":{"line":27,"column":0},"end":{"line":27,"column":21}},"27":{"start":{"line":28,"column":0},"end":{"line":28,"column":30}},"28":{"start":{"line":29,"column":0},"end":{"line":29,"column":20}},"29":{"start":{"line":30,"column":0},"end":{"line":30,"column":17}},"30":{"start":{"line":31,"column":0},"end":{"line":31,"column":35}},"31":{"start":{"line":32,"column":0},"end":{"line":32,"column":25}},"32":{"start":{"line":33,"column":0},"end":{"line":33,"column":7}},"34":{"start":{"line":35,"column":0},"end":{"line":35,"column":65}},"35":{"start":{"line":36,"column":0},"end":{"line":36,"column":31}},"36":{"start":{"line":37,"column":0},"end":{"line":37,"column":48}},"37":{"start":{"line":38,"column":0},"end":{"line":38,"column":6}},"39":{"start":{"line":40,"column":0},"end":{"line":40,"column":53}},"40":{"start":{"line":41,"column":0},"end":{"line":41,"column":31}},"41":{"start":{"line":42,"column":0},"end":{"line":42,"column":29}},"42":{"start":{"line":43,"column":0},"end":{"line":43,"column":28}},"43":{"start":{"line":44,"column":0},"end":{"line":44,"column":31}},"44":{"start":{"line":45,"column":0},"end":{"line":45,"column":6}},"46":{"start":{"line":47,"column":0},"end":{"line":47,"column":12}},"47":{"start":{"line":48,"column":0},"end":{"line":48,"column":73}},"48":{"start":{"line":49,"column":0},"end":{"line":49,"column":17}},"49":{"start":{"line":50,"column":0},"end":{"line":50,"column":49}},"50":{"start":{"line":51,"column":0},"end":{"line":51,"column":67}},"52":{"start":{"line":53,"column":0},"end":{"line":53,"column":60}},"53":{"start":{"line":54,"column":0},"end":{"line":54,"column":26}},"54":{"start":{"line":55,"column":0},"end":{"line":55,"column":33}},"55":{"start":{"line":56,"column":0},"end":{"line":56,"column":49}},"56":{"start":{"line":57,"column":0},"end":{"line":57,"column":46}},"57":{"start":{"line":58,"column":0},"end":{"line":58,"column":58}},"58":{"start":{"line":59,"column":0},"end":{"line":59,"column":40}},"59":{"start":{"line":60,"column":0},"end":{"line":60,"column":43}},"60":{"start":{"line":61,"column":0},"end":{"line":61,"column":62}},"61":{"start":{"line":62,"column":0},"end":{"line":62,"column":30}},"62":{"start":{"line":63,"column":0},"end":{"line":63,"column":27}},"63":{"start":{"line":64,"column":0},"end":{"line":64,"column":40}},"64":{"start":{"line":65,"column":0},"end":{"line":65,"column":51}},"66":{"start":{"line":67,"column":0},"end":{"line":67,"column":26}},"67":{"start":{"line":68,"column":0},"end":{"line":68,"column":22}},"68":{"start":{"line":69,"column":0},"end":{"line":69,"column":22}},"69":{"start":{"line":70,"column":0},"end":{"line":70,"column":23}},"70":{"start":{"line":71,"column":0},"end":{"line":71,"column":33}},"71":{"start":{"line":72,"column":0},"end":{"line":72,"column":71}},"72":{"start":{"line":73,"column":0},"end":{"line":73,"column":253}},"73":{"start":{"line":74,"column":0},"end":{"line":74,"column":17}},"75":{"start":{"line":76,"column":0},"end":{"line":76,"column":25}},"76":{"start":{"line":77,"column":0},"end":{"line":77,"column":19}},"77":{"start":{"line":78,"column":0},"end":{"line":78,"column":42}},"78":{"start":{"line":79,"column":0},"end":{"line":79,"column":62}},"80":{"start":{"line":81,"column":0},"end":{"line":81,"column":78}},"81":{"start":{"line":82,"column":0},"end":{"line":82,"column":79}},"82":{"start":{"line":83,"column":0},"end":{"line":83,"column":67}},"84":{"start":{"line":85,"column":0},"end":{"line":85,"column":38}},"85":{"start":{"line":86,"column":0},"end":{"line":86,"column":71}},"87":{"start":{"line":88,"column":0},"end":{"line":88,"column":61}},"89":{"start":{"line":90,"column":0},"end":{"line":90,"column":28}},"90":{"start":{"line":91,"column":0},"end":{"line":91,"column":58}},"91":{"start":{"line":92,"column":0},"end":{"line":92,"column":43}},"92":{"start":{"line":93,"column":0},"end":{"line":93,"column":14}},"93":{"start":{"line":94,"column":0},"end":{"line":94,"column":14}},"95":{"start":{"line":96,"column":0},"end":{"line":96,"column":2}}},"s":{"0":1,"2":1,"3":1,"4":1,"5":1,"17":1,"18":25,"19":25,"20":25,"21":25,"22":25,"24":25,"25":25,"26":25,"27":25,"28":25,"29":25,"30":25,"31":25,"32":25,"34":25,"35":2,"36":2,"37":2,"39":25,"40":1,"41":1,"42":1,"43":1,"44":1,"46":25,"47":25,"48":25,"49":25,"50":25,"52":25,"53":25,"54":25,"55":25,"56":25,"57":25,"58":25,"59":25,"60":25,"61":25,"62":25,"63":25,"64":4,"66":4,"67":25,"68":25,"69":25,"70":25,"71":25,"72":25,"73":25,"75":25,"76":25,"77":25,"78":4,"80":25,"81":25,"82":1,"84":25,"85":3,"87":25,"89":25,"90":25,"91":25,"92":25,"93":25,"95":25},"branchMap":{"0":{"type":"branch","line":18,"loc":{"start":{"line":18,"column":28},"end":{"line":96,"column":2}},"locations":[{"start":{"line":18,"column":28},"end":{"line":96,"column":2}}]},"1":{"type":"branch","line":72,"loc":{"start":{"line":72,"column":45},"end":{"line":72,"column":71}},"locations":[{"start":{"line":72,"column":45},"end":{"line":72,"column":71}}]},"2":{"type":"branch","line":78,"loc":{"start":{"line":78,"column":28},"end":{"line":79,"column":62}},"locations":[{"start":{"line":78,"column":28},"end":{"line":79,"column":62}}]},"3":{"type":"branch","line":81,"loc":{"start":{"line":81,"column":13},"end":{"line":81,"column":78}},"locations":[{"start":{"line":81,"column":13},"end":{"line":81,"column":78}}]},"4":{"type":"branch","line":82,"loc":{"start":{"line":82,"column":28},"end":{"line":82,"column":45}},"locations":[{"start":{"line":82,"column":28},"end":{"line":82,"column":45}}]},"5":{"type":"branch","line":82,"loc":{"start":{"line":82,"column":45},"end":{"line":82,"column":79}},"locations":[{"start":{"line":82,"column":45},"end":{"line":82,"column":79}}]},"6":{"type":"branch","line":82,"loc":{"start":{"line":82,"column":65},"end":{"line":83,"column":67}},"locations":[{"start":{"line":82,"column":65},"end":{"line":83,"column":67}}]},"7":{"type":"branch","line":85,"loc":{"start":{"line":85,"column":20},"end":{"line":85,"column":38}},"locations":[{"start":{"line":85,"column":20},"end":{"line":85,"column":38}}]},"8":{"type":"branch","line":85,"loc":{"start":{"line":85,"column":26},"end":{"line":86,"column":71}},"locations":[{"start":{"line":85,"column":26},"end":{"line":86,"column":71}}]},"9":{"type":"branch","line":88,"loc":{"start":{"line":88,"column":13},"end":{"line":88,"column":61}},"locations":[{"start":{"line":88,"column":13},"end":{"line":88,"column":61}}]},"10":{"type":"branch","line":91,"loc":{"start":{"line":91,"column":45},"end":{"line":91,"column":58}},"locations":[{"start":{"line":91,"column":45},"end":{"line":91,"column":58}}]},"11":{"type":"branch","line":35,"loc":{"start":{"line":35,"column":48},"end":{"line":38,"column":6}},"locations":[{"start":{"line":35,"column":48},"end":{"line":38,"column":6}}]},"12":{"type":"branch","line":40,"loc":{"start":{"line":40,"column":25},"end":{"line":45,"column":6}},"locations":[{"start":{"line":40,"column":25},"end":{"line":45,"column":6}}]},"13":{"type":"branch","line":64,"loc":{"start":{"line":64,"column":33},"end":{"line":67,"column":26}},"locations":[{"start":{"line":64,"column":33},"end":{"line":67,"column":26}}]}},"b":{"0":[25],"1":[21],"2":[4],"3":[2],"4":[2],"5":[1],"6":[1],"7":[3],"8":[3],"9":[2],"10":[23],"11":[2],"12":[1],"13":[4]},"fnMap":{"0":{"name":"FindCityForm","decl":{"start":{"line":18,"column":28},"end":{"line":96,"column":2}},"loc":{"start":{"line":18,"column":28},"end":{"line":96,"column":2}},"line":18},"1":{"name":"onSubmit","decl":{"start":{"line":35,"column":48},"end":{"line":38,"column":6}},"loc":{"start":{"line":35,"column":48},"end":{"line":38,"column":6}},"line":35},"2":{"name":"onCitySelect","decl":{"start":{"line":40,"column":25},"end":{"line":45,"column":6}},"loc":{"start":{"line":40,"column":25},"end":{"line":45,"column":6}},"line":40},"3":{"name":"onFocus","decl":{"start":{"line":64,"column":33},"end":{"line":67,"column":26}},"loc":{"start":{"line":64,"column":33},"end":{"line":67,"column":26}},"line":64}},"f":{"0":25,"1":2,"2":1,"3":4}}
,"/Users/reijjo/workspace/projects/fullstack/daylight/resources/js/features/homepage/hooks/useCitySearch.ts": {"path":"/Users/reijjo/workspace/projects/fullstack/daylight/resources/js/features/homepage/hooks/useCitySearch.ts","all":false,"statementMap":{"1":{"start":{"line":2,"column":0},"end":{"line":2,"column":52}},"2":{"start":{"line":3,"column":0},"end":{"line":3,"column":47}},"4":{"start":{"line":5,"column":0},"end":{"line":5,"column":36}},"5":{"start":{"line":6,"column":0},"end":{"line":6,"column":40}},"6":{"start":{"line":7,"column":0},"end":{"line":7,"column":54}},"10":{"start":{"line":11,"column":0},"end":{"line":11,"column":38}},"11":{"start":{"line":12,"column":0},"end":{"line":12,"column":47}},"12":{"start":{"line":13,"column":0},"end":{"line":13,"column":10}},"13":{"start":{"line":14,"column":0},"end":{"line":14,"column":7}},"15":{"start":{"line":16,"column":0},"end":{"line":16,"column":58}},"16":{"start":{"line":17,"column":0},"end":{"line":17,"column":31}},"17":{"start":{"line":18,"column":0},"end":{"line":18,"column":24}},"18":{"start":{"line":19,"column":0},"end":{"line":19,"column":6}},"20":{"start":{"line":21,"column":0},"end":{"line":21,"column":12}},"21":{"start":{"line":22,"column":0},"end":{"line":22,"column":23}},"22":{"start":{"line":23,"column":0},"end":{"line":23,"column":28}},"23":{"start":{"line":24,"column":0},"end":{"line":24,"column":6}},"24":{"start":{"line":25,"column":0},"end":{"line":25,"column":2}}},"s":{"1":1,"2":1,"4":1,"5":31,"6":31,"10":31,"11":1,"12":1,"13":31,"15":31,"16":1,"17":1,"18":1,"20":31,"21":31,"22":31,"23":31,"24":31},"branchMap":{"0":{"type":"branch","line":5,"loc":{"start":{"line":5,"column":29},"end":{"line":25,"column":2}},"locations":[{"start":{"line":5,"column":29},"end":{"line":25,"column":2}}]},"1":{"type":"branch","line":7,"loc":{"start":{"line":7,"column":20},"end":{"line":7,"column":54}},"locations":[{"start":{"line":7,"column":20},"end":{"line":7,"column":54}}]},"2":{"type":"branch","line":11,"loc":{"start":{"line":11,"column":17},"end":{"line":13,"column":10}},"locations":[{"start":{"line":11,"column":17},"end":{"line":13,"column":10}}]},"3":{"type":"branch","line":16,"loc":{"start":{"line":16,"column":32},"end":{"line":19,"column":6}},"locations":[{"start":{"line":16,"column":32},"end":{"line":19,"column":6}}]}},"b":{"0":[31],"1":[4],"2":[1],"3":[1]},"fnMap":{"0":{"name":"useCitySearch","decl":{"start":{"line":5,"column":29},"end":{"line":25,"column":2}},"loc":{"start":{"line":5,"column":29},"end":{"line":25,"column":2}},"line":5},"1":{"name":"mutationFn","decl":{"start":{"line":7,"column":20},"end":{"line":7,"column":54}},"loc":{"start":{"line":7,"column":20},"end":{"line":7,"column":54}},"line":7},"2":{"name":"onError","decl":{"start":{"line":11,"column":17},"end":{"line":13,"column":10}},"loc":{"start":{"line":11,"column":17},"end":{"line":13,"column":10}},"line":11},"3":{"name":"handleCitySelection","decl":{"start":{"line":16,"column":32},"end":{"line":19,"column":6}},"loc":{"start":{"line":16,"column":32},"end":{"line":19,"column":6}},"line":16}},"f":{"0":31,"1":4,"2":1,"3":1}}
,"/Users/reijjo/workspace/projects/fullstack/daylight/resources/js/features/homepage/hooks/useDaylight.ts": {"path":"/Users/reijjo/workspace/projects/fullstack/daylight/resources/js/features/homepage/hooks/useDaylight.ts","all":false,"statementMap":{"0":{"start":{"line":1,"column":0},"end":{"line":1,"column":52}},"2":{"start":{"line":3,"column":0},"end":{"line":3,"column":49}},"3":{"start":{"line":4,"column":0},"end":{"line":4,"column":33}},"4":{"start":{"line":5,"column":0},"end":{"line":5,"column":54}},"6":{"start":{"line":7,"column":0},"end":{"line":7,"column":34}},"7":{"start":{"line":8,"column":0},"end":{"line":8,"column":71}},"8":{"start":{"line":9,"column":0},"end":{"line":9,"column":47}},"10":{"start":{"line":11,"column":0},"end":{"line":11,"column":42}},"11":{"start":{"line":12,"column":0},"end":{"line":12,"column":59}},"12":{"start":{"line":13,"column":0},"end":{"line":13,"column":30}},"13":{"start":{"line":14,"column":0},"end":{"line":14,"column":47}},"15":{"start":{"line":16,"column":0},"end":{"line":16,"column":51}},"16":{"start":{"line":17,"column":0},"end":{"line":17,"column":39}},"17":{"start":{"line":18,"column":0},"end":{"line":18,"column":51}},"18":{"start":{"line":19,"column":0},"end":{"line":19,"column":23}},"19":{"start":{"line":20,"column":0},"end":{"line":20,"column":13}},"21":{"start":{"line":22,"column":0},"end":{"line":22,"column":38}},"22":{"start":{"line":23,"column":0},"end":{"line":23,"column":75}},"24":{"start":{"line":25,"column":0},"end":{"line":25,"column":29}},"25":{"start":{"line":26,"column":0},"end":{"line":26,"column":45}},"26":{"start":{"line":27,"column":0},"end":{"line":27,"column":63}},"27":{"start":{"line":28,"column":0},"end":{"line":28,"column":22}},"28":{"start":{"line":29,"column":0},"end":{"line":29,"column":24}},"29":{"start":{"line":30,"column":0},"end":{"line":30,"column":46}},"30":{"start":{"line":31,"column":0},"end":{"line":31,"column":17}},"31":{"start":{"line":32,"column":0},"end":{"line":32,"column":15}},"33":{"start":{"line":34,"column":0},"end":{"line":34,"column":31}},"34":{"start":{"line":35,"column":0},"end":{"line":35,"column":37}},"35":{"start":{"line":36,"column":0},"end":{"line":36,"column":51}},"36":{"start":{"line":37,"column":0},"end":{"line":37,"column":13}},"37":{"start":{"line":38,"column":0},"end":{"line":38,"column":55}},"38":{"start":{"line":39,"column":0},"end":{"line":39,"column":10}},"39":{"start":{"line":40,"column":0},"end":{"line":40,"column":38}},"40":{"start":{"line":41,"column":0},"end":{"line":41,"column":49}},"41":{"start":{"line":42,"column":0},"end":{"line":42,"column":10}},"42":{"start":{"line":43,"column":0},"end":{"line":43,"column":7}},"44":{"start":{"line":45,"column":0},"end":{"line":45,"column":40}},"45":{"start":{"line":46,"column":0},"end":{"line":46,"column":72}},"46":{"start":{"line":47,"column":0},"end":{"line":47,"column":6}},"48":{"start":{"line":49,"column":0},"end":{"line":49,"column":35}},"49":{"start":{"line":50,"column":0},"end":{"line":50,"column":27}},"50":{"start":{"line":51,"column":0},"end":{"line":51,"column":6}},"52":{"start":{"line":53,"column":0},"end":{"line":53,"column":12}},"53":{"start":{"line":54,"column":0},"end":{"line":54,"column":20}},"54":{"start":{"line":55,"column":0},"end":{"line":55,"column":25}},"55":{"start":{"line":56,"column":0},"end":{"line":56,"column":19}},"56":{"start":{"line":57,"column":0},"end":{"line":57,"column":24}},"57":{"start":{"line":58,"column":0},"end":{"line":58,"column":46}},"58":{"start":{"line":59,"column":0},"end":{"line":59,"column":38}},"59":{"start":{"line":60,"column":0},"end":{"line":60,"column":12}},"60":{"start":{"line":61,"column":0},"end":{"line":61,"column":6}},"61":{"start":{"line":62,"column":0},"end":{"line":62,"column":2}}},"s":{"0":1,"2":1,"3":1,"4":1,"6":1,"7":1,"8":1,"10":1,"11":1,"12":1,"13":0,"15":0,"16":0,"17":0,"18":0,"19":0,"21":0,"22":0,"24":0,"25":0,"26":0,"27":0,"28":0,"29":0,"30":0,"31":0,"33":0,"34":0,"35":0,"36":0,"37":0,"38":0,"39":1,"40":0,"41":0,"42":1,"44":1,"45":0,"46":0,"48":1,"49":0,"50":0,"52":1,"53":1,"54":1,"55":1,"56":1,"57":1,"58":1,"59":1,"60":1,"61":1},"branchMap":{"0":{"type":"branch","line":7,"loc":{"start":{"line":7,"column":27},"end":{"line":62,"column":2}},"locations":[{"start":{"line":7,"column":27},"end":{"line":62,"column":2}}]}},"b":{"0":[1]},"fnMap":{"0":{"name":"useDaylight","decl":{"start":{"line":7,"column":27},"end":{"line":62,"column":2}},"loc":{"start":{"line":7,"column":27},"end":{"line":62,"column":2}},"line":7},"1":{"name":"mutationFn","decl":{"start":{"line":12,"column":20},"end":{"line":12,"column":59}},"loc":{"start":{"line":12,"column":20},"end":{"line":12,"column":59}},"line":12},"2":{"name":"onSuccess","decl":{"start":{"line":13,"column":19},"end":{"line":39,"column":10}},"loc":{"start":{"line":13,"column":19},"end":{"line":39,"column":10}},"line":13},"3":{"name":"onError","decl":{"start":{"line":40,"column":17},"end":{"line":42,"column":10}},"loc":{"start":{"line":40,"column":17},"end":{"line":42,"column":10}},"line":40},"4":{"name":"removeCity","decl":{"start":{"line":45,"column":23},"end":{"line":47,"column":6}},"loc":{"start":{"line":45,"column":23},"end":{"line":47,"column":6}},"line":45},"5":{"name":"removeAllCities","decl":{"start":{"line":49,"column":28},"end":{"line":51,"column":6}},"loc":{"start":{"line":49,"column":28},"end":{"line":51,"column":6}},"line":49}},"f":{"0":1,"1":0,"2":0,"3":0,"4":0,"5":0}}
,"/Users/reijjo/workspace/projects/fullstack/daylight/resources/js/tests/test-utils.tsx": {"path":"/Users/reijjo/workspace/projects/fullstack/daylight/resources/js/tests/test-utils.tsx","all":false,"statementMap":{"1":{"start":{"line":2,"column":0},"end":{"line":2,"column":73}},"2":{"start":{"line":3,"column":0},"end":{"line":3,"column":63}},"4":{"start":{"line":5,"column":0},"end":{"line":5,"column":38}},"5":{"start":{"line":6,"column":0},"end":{"line":6,"column":18}},"6":{"start":{"line":7,"column":0},"end":{"line":7,"column":44}},"7":{"start":{"line":8,"column":0},"end":{"line":8,"column":3}},"8":{"start":{"line":9,"column":0},"end":{"line":9,"column":41}},"9":{"start":{"line":10,"column":0},"end":{"line":10,"column":25}},"10":{"start":{"line":11,"column":0},"end":{"line":11,"column":22}},"11":{"start":{"line":12,"column":0},"end":{"line":12,"column":29}},"12":{"start":{"line":13,"column":0},"end":{"line":13,"column":14}},"13":{"start":{"line":14,"column":0},"end":{"line":14,"column":10}},"14":{"start":{"line":15,"column":0},"end":{"line":15,"column":7}},"16":{"start":{"line":17,"column":0},"end":{"line":17,"column":64}},"17":{"start":{"line":18,"column":0},"end":{"line":18,"column":50}},"18":{"start":{"line":19,"column":0},"end":{"line":19,"column":22}},"19":{"start":{"line":20,"column":0},"end":{"line":20,"column":30}},"22":{"start":{"line":23,"column":0},"end":{"line":23,"column":56}},"23":{"start":{"line":24,"column":0},"end":{"line":24,"column":1}},"25":{"start":{"line":26,"column":0},"end":{"line":26,"column":36}},"26":{"start":{"line":27,"column":0},"end":{"line":27,"column":41}},"27":{"start":{"line":28,"column":0},"end":{"line":28,"column":25}},"28":{"start":{"line":29,"column":0},"end":{"line":29,"column":38}},"29":{"start":{"line":30,"column":0},"end":{"line":30,"column":40}},"30":{"start":{"line":31,"column":0},"end":{"line":31,"column":10}},"31":{"start":{"line":32,"column":0},"end":{"line":32,"column":7}},"33":{"start":{"line":34,"column":0},"end":{"line":34,"column":61}},"34":{"start":{"line":35,"column":0},"end":{"line":35,"column":50}},"35":{"start":{"line":36,"column":0},"end":{"line":36,"column":22}},"36":{"start":{"line":37,"column":0},"end":{"line":37,"column":30}},"38":{"start":{"line":39,"column":0},"end":{"line":39,"column":2}}},"s":{"1":1,"2":1,"4":1,"5":6,"6":6,"7":6,"8":6,"9":6,"10":6,"11":6,"12":6,"13":6,"14":6,"16":6,"17":6,"18":6,"19":6,"22":6,"23":6,"25":1,"26":4,"27":4,"28":4,"29":4,"30":4,"31":4,"33":4,"34":4,"35":4,"36":4,"38":4},"branchMap":{"0":{"type":"branch","line":5,"loc":{"start":{"line":5,"column":7},"end":{"line":24,"column":1}},"locations":[{"start":{"line":5,"column":7},"end":{"line":24,"column":1}}]},"1":{"type":"branch","line":17,"loc":{"start":{"line":17,"column":20},"end":{"line":20,"column":30}},"locations":[{"start":{"line":17,"column":20},"end":{"line":20,"column":30}}]},"2":{"type":"branch","line":26,"loc":{"start":{"line":26,"column":29},"end":{"line":39,"column":2}},"locations":[{"start":{"line":26,"column":29},"end":{"line":39,"column":2}}]},"3":{"type":"branch","line":34,"loc":{"start":{"line":34,"column":11},"end":{"line":37,"column":30}},"locations":[{"start":{"line":34,"column":11},"end":{"line":37,"column":30}}]}},"b":{"0":[6],"1":[6],"2":[4],"3":[4]},"fnMap":{"0":{"name":"renderWithQueryClient","decl":{"start":{"line":5,"column":7},"end":{"line":24,"column":1}},"loc":{"start":{"line":5,"column":7},"end":{"line":24,"column":1}},"line":5},"1":{"name":"Wrapper","decl":{"start":{"line":17,"column":20},"end":{"line":20,"column":30}},"loc":{"start":{"line":17,"column":20},"end":{"line":20,"column":30}},"line":17},"2":{"name":"createWrapper","decl":{"start":{"line":26,"column":29},"end":{"line":39,"column":2}},"loc":{"start":{"line":26,"column":29},"end":{"line":39,"column":2}},"line":26}},"f":{"0":6,"1":6,"2":4}}
,"/Users/reijjo/workspace/projects/fullstack/daylight/resources/js/utils/constants.ts": {"path":"/Users/reijjo/workspace/projects/fullstack/daylight/resources/js/utils/constants.ts","all":false,"statementMap":{"0":{"start":{"line":1,"column":0},"end":{"line":1,"column":28}}},"s":{"0":1},"branchMap":{},"b":{},"fnMap":{},"f":{}}
,"/Users/reijjo/workspace/projects/fullstack/daylight/resources/js/utils/types.ts": {"path":"/Users/reijjo/workspace/projects/fullstack/daylight/resources/js/utils/types.ts","all":true,"statementMap":{},"s":{},"branchMap":{"0":{"type":"branch","line":1,"loc":{"start":{"line":1,"column":285},"end":{"line":16,"column":1}},"locations":[{"start":{"line":1,"column":285},"end":{"line":16,"column":1}}]}},"b":{"0":[1]},"fnMap":{"0":{"name":"(empty-report)","decl":{"start":{"line":1,"column":285},"end":{"line":16,"column":1}},"loc":{"start":{"line":1,"column":285},"end":{"line":16,"column":1}},"line":1}},"f":{"0":1}}
}
