{"/Users/reijjo/workspace/projects/fullstack/daylight/resources/js/app.tsx": {"path":"/Users/reijjo/workspace/projects/fullstack/daylight/resources/js/app.tsx","all":true,"statementMap":{"0":{"start":{"line":1,"column":0},"end":{"line":1,"column":52}},"1":{"start":{"line":2,"column":0},"end":{"line":2,"column":46}},"3":{"start":{"line":4,"column":0},"end":{"line":4,"column":18}},"4":{"start":{"line":5,"column":0},"end":{"line":5,"column":32}},"5":{"start":{"line":6,"column":0},"end":{"line":6,"column":68}},"6":{"start":{"line":7,"column":0},"end":{"line":7,"column":24}},"8":{"start":{"line":9,"column":0},"end":{"line":9,"column":44}},"9":{"start":{"line":10,"column":0},"end":{"line":10,"column":6}},"10":{"start":{"line":11,"column":0},"end":{"line":11,"column":31}},"11":{"start":{"line":12,"column":0},"end":{"line":12,"column":65}},"12":{"start":{"line":13,"column":0},"end":{"line":13,"column":6}},"13":{"start":{"line":14,"column":0},"end":{"line":14,"column":3}}},"s":{"0":0,"1":0,"3":0,"4":0,"5":0,"6":0,"8":0,"9":0,"10":0,"11":0,"12":0,"13":0},"branchMap":{"0":{"type":"branch","line":1,"loc":{"start":{"line":1,"column":388},"end":{"line":14,"column":-364}},"locations":[{"start":{"line":1,"column":388},"end":{"line":14,"column":-364}}]}},"b":{"0":[0]},"fnMap":{"0":{"name":"(empty-report)","decl":{"start":{"line":1,"column":388},"end":{"line":14,"column":-364}},"loc":{"start":{"line":1,"column":388},"end":{"line":14,"column":-364}},"line":1}},"f":{"0":0}}
,"/Users/reijjo/workspace/projects/fullstack/daylight/resources/js/Pages/homepage/HomePage.tsx": {"path":"/Users/reijjo/workspace/projects/fullstack/daylight/resources/js/Pages/homepage/HomePage.tsx","all":false,"statementMap":{"0":{"start":{"line":1,"column":0},"end":{"line":1,"column":56}},"1":{"start":{"line":2,"column":0},"end":{"line":2,"column":79}},"2":{"start":{"line":3,"column":0},"end":{"line":3,"column":35}},"4":{"start":{"line":5,"column":0},"end":{"line":5,"column":24}},"5":{"start":{"line":6,"column":0},"end":{"line":6,"column":12}},"6":{"start":{"line":7,"column":0},"end":{"line":7,"column":33}},"7":{"start":{"line":8,"column":0},"end":{"line":8,"column":81}},"8":{"start":{"line":9,"column":0},"end":{"line":9,"column":24}},"9":{"start":{"line":10,"column":0},"end":{"line":10,"column":32}},"10":{"start":{"line":11,"column":0},"end":{"line":11,"column":18}},"11":{"start":{"line":12,"column":0},"end":{"line":12,"column":17}},"13":{"start":{"line":14,"column":0},"end":{"line":14,"column":2}},"15":{"start":{"line":16,"column":0},"end":{"line":16,"column":24}}},"s":{"0":1,"1":1,"2":1,"4":1,"5":1,"6":1,"7":1,"8":1,"9":1,"10":1,"11":1,"13":1,"15":1},"branchMap":{"0":{"type":"branch","line":5,"loc":{"start":{"line":5,"column":17},"end":{"line":14,"column":2}},"locations":[{"start":{"line":5,"column":17},"end":{"line":14,"column":2}}]}},"b":{"0":[1]},"fnMap":{"0":{"name":"HomePage","decl":{"start":{"line":5,"column":17},"end":{"line":14,"column":2}},"loc":{"start":{"line":5,"column":17},"end":{"line":14,"column":2}},"line":5}},"f":{"0":1}}
,"/Users/reijjo/workspace/projects/fullstack/daylight/resources/js/Pages/homepage/hero/Hero.tsx": {"path":"/Users/reijjo/workspace/projects/fullstack/daylight/resources/js/Pages/homepage/hero/Hero.tsx","all":false,"statementMap":{"0":{"start":{"line":1,"column":0},"end":{"line":1,"column":27}},"1":{"start":{"line":2,"column":0},"end":{"line":2,"column":107}},"2":{"start":{"line":3,"column":0},"end":{"line":3,"column":53}},"4":{"start":{"line":5,"column":0},"end":{"line":5,"column":13}},"5":{"start":{"line":6,"column":0},"end":{"line":6,"column":33}},"8":{"start":{"line":9,"column":0},"end":{"line":9,"column":13}},"9":{"start":{"line":10,"column":0},"end":{"line":10,"column":10}}},"s":{"0":1,"1":1,"2":1,"4":1,"5":1,"8":1,"9":1},"branchMap":{"0":{"type":"branch","line":1,"loc":{"start":{"line":1,"column":20},"end":{"line":10,"column":10}},"locations":[{"start":{"line":1,"column":20},"end":{"line":10,"column":10}}]}},"b":{"0":[1]},"fnMap":{"0":{"name":"Hero","decl":{"start":{"line":1,"column":20},"end":{"line":10,"column":10}},"loc":{"start":{"line":1,"column":20},"end":{"line":10,"column":10}},"line":1}},"f":{"0":1}}
,"/Users/reijjo/workspace/projects/fullstack/daylight/resources/js/components/shared/Footer.tsx": {"path":"/Users/reijjo/workspace/projects/fullstack/daylight/resources/js/components/shared/Footer.tsx","all":false,"statementMap":{"0":{"start":{"line":1,"column":0},"end":{"line":1,"column":29}},"1":{"start":{"line":2,"column":0},"end":{"line":2,"column":118}},"2":{"start":{"line":3,"column":0},"end":{"line":3,"column":56}},"3":{"start":{"line":4,"column":0},"end":{"line":4,"column":13}}},"s":{"0":1,"1":1,"2":1,"3":1},"branchMap":{"0":{"type":"branch","line":1,"loc":{"start":{"line":1,"column":22},"end":{"line":4,"column":13}},"locations":[{"start":{"line":1,"column":22},"end":{"line":4,"column":13}}]}},"b":{"0":[1]},"fnMap":{"0":{"name":"Footer","decl":{"start":{"line":1,"column":22},"end":{"line":4,"column":13}},"loc":{"start":{"line":1,"column":22},"end":{"line":4,"column":13}},"line":1}},"f":{"0":1}}
,"/Users/reijjo/workspace/projects/fullstack/daylight/resources/js/components/shared/Layout.tsx": {"path":"/Users/reijjo/workspace/projects/fullstack/daylight/resources/js/components/shared/Layout.tsx","all":false,"statementMap":{"0":{"start":{"line":1,"column":0},"end":{"line":1,"column":40}},"3":{"start":{"line":4,"column":0},"end":{"line":4,"column":52}},"4":{"start":{"line":5,"column":0},"end":{"line":5,"column":34}},"11":{"start":{"line":12,"column":0},"end":{"line":12,"column":61}},"12":{"start":{"line":13,"column":0},"end":{"line":13,"column":8}},"13":{"start":{"line":14,"column":0},"end":{"line":14,"column":88}},"14":{"start":{"line":15,"column":0},"end":{"line":15,"column":49}},"16":{"start":{"line":17,"column":0},"end":{"line":17,"column":60}},"17":{"start":{"line":18,"column":0},"end":{"line":18,"column":30}},"18":{"start":{"line":19,"column":0},"end":{"line":19,"column":75}},"19":{"start":{"line":20,"column":0},"end":{"line":20,"column":18}},"20":{"start":{"line":21,"column":0},"end":{"line":21,"column":10}}},"s":{"0":1,"3":1,"4":1,"11":1,"12":1,"13":1,"14":1,"16":1,"17":1,"18":1,"19":1,"20":1},"branchMap":{"0":{"type":"branch","line":12,"loc":{"start":{"line":12,"column":22},"end":{"line":21,"column":10}},"locations":[{"start":{"line":12,"column":22},"end":{"line":21,"column":10}}]}},"b":{"0":[1]},"fnMap":{"0":{"name":"Layout","decl":{"start":{"line":12,"column":22},"end":{"line":21,"column":10}},"loc":{"start":{"line":12,"column":22},"end":{"line":21,"column":10}},"line":12}},"f":{"0":1}}
,"/Users/reijjo/workspace/projects/fullstack/daylight/resources/js/features/homepage/components/FindCityForm.tsx": {"path":"/Users/reijjo/workspace/projects/fullstack/daylight/resources/js/features/homepage/components/FindCityForm.tsx","all":false,"statementMap":{"0":{"start":{"line":1,"column":0},"end":{"line":1,"column":35}},"1":{"start":{"line":2,"column":0},"end":{"line":2,"column":26}},"2":{"start":{"line":3,"column":0},"end":{"line":3,"column":30}},"3":{"start":{"line":4,"column":0},"end":{"line":4,"column":6}},"5":{"start":{"line":6,"column":0},"end":{"line":6,"column":12}},"6":{"start":{"line":7,"column":0},"end":{"line":7,"column":32}},"7":{"start":{"line":8,"column":0},"end":{"line":8,"column":33}},"8":{"start":{"line":9,"column":0},"end":{"line":9,"column":46}},"9":{"start":{"line":10,"column":0},"end":{"line":10,"column":15}},"11":{"start":{"line":12,"column":0},"end":{"line":12,"column":2}}},"s":{"0":1,"1":1,"2":0,"3":0,"5":1,"6":1,"7":1,"8":1,"9":1,"11":1},"branchMap":{"0":{"type":"branch","line":1,"loc":{"start":{"line":1,"column":28},"end":{"line":12,"column":2}},"locations":[{"start":{"line":1,"column":28},"end":{"line":12,"column":2}}]}},"b":{"0":[1]},"fnMap":{"0":{"name":"FindCityForm","decl":{"start":{"line":1,"column":28},"end":{"line":12,"column":2}},"loc":{"start":{"line":1,"column":28},"end":{"line":12,"column":2}},"line":1},"1":{"name":"submit","decl":{"start":{"line":2,"column":19},"end":{"line":4,"column":6}},"loc":{"start":{"line":2,"column":19},"end":{"line":4,"column":6}},"line":2}},"f":{"0":1,"1":0}}
,"/Users/reijjo/workspace/projects/fullstack/daylight/resources/js/utils/types.ts": {"path":"/Users/reijjo/workspace/projects/fullstack/daylight/resources/js/utils/types.ts","all":true,"statementMap":{},"s":{},"branchMap":{"0":{"type":"branch","line":1,"loc":{"start":{"line":1,"column":0},"end":{"line":1,"column":0}},"locations":[{"start":{"line":1,"column":0},"end":{"line":1,"column":0}}]}},"b":{"0":[1]},"fnMap":{"0":{"name":"(empty-report)","decl":{"start":{"line":1,"column":0},"end":{"line":1,"column":0}},"loc":{"start":{"line":1,"column":0},"end":{"line":1,"column":0}},"line":1}},"f":{"0":1}}
}
